  [1m[36m (48.0ms)[0m  [1mCREATE TABLE "schema_migrations" ("version" varchar NOT NULL) [0m
  [1m[35m (0.0ms)[0m  select sqlite_version(*)
  [1m[36m (0.0ms)[0m  [1mCREATE UNIQUE INDEX "unique_schema_migrations" ON "schema_migrations" ("version")[0m
  [1m[35mActiveRecord::SchemaMigration Load (0.0ms)[0m  SELECT "schema_migrations".* FROM "schema_migrations"
Migrating to AddSessionsTable (20110823220412)
  [1m[36m (0.0ms)[0m  [1mbegin transaction[0m
DEPRECATION WARNING: `#timestamps` was called without specifying an option for `null`. In Rails 5, this behavior will change to `null: false`. You should manually specify `null: true` to prevent the behavior of your existing migrations from changing. (called from block in up at C:/Sites/google-api-ads-ruby/adwords_api/examples/adwords_on_rails/db/migrate/20110823220412_add_sessions_table.rb:6)
  [1m[35m (0.0ms)[0m  CREATE TABLE "sessions" ("id" INTEGER PRIMARY KEY AUTOINCREMENT NOT NULL, "session_id" varchar NOT NULL, "data" text, "created_at" datetime, "updated_at" datetime) 
  [1m[36m (0.0ms)[0m  [1mCREATE  INDEX "index_sessions_on_session_id" ON "sessions" ("session_id")[0m
  [1m[35m (0.0ms)[0m              SELECT sql
            FROM sqlite_master
            WHERE name='index_sessions_on_session_id' AND type='index'
            UNION ALL
            SELECT sql
            FROM sqlite_temp_master
            WHERE name='index_sessions_on_session_id' AND type='index'

  [1m[36m (0.0ms)[0m  [1mCREATE  INDEX "index_sessions_on_updated_at" ON "sessions" ("updated_at")[0m
  [1m[35mSQL (0.0ms)[0m  INSERT INTO "schema_migrations" ("version") VALUES (?)  [["version", "20110823220412"]]
  [1m[36m (10.0ms)[0m  [1mcommit transaction[0m
  [1m[35mActiveRecord::SchemaMigration Load (0.0ms)[0m  SELECT "schema_migrations".* FROM "schema_migrations"
  [1m[36m (0.0ms)[0m  [1m            SELECT sql
            FROM sqlite_master
            WHERE name='index_sessions_on_updated_at' AND type='index'
            UNION ALL
            SELECT sql
            FROM sqlite_temp_master
            WHERE name='index_sessions_on_updated_at' AND type='index'
[0m
  [1m[35m (0.0ms)[0m              SELECT sql
            FROM sqlite_master
            WHERE name='index_sessions_on_session_id' AND type='index'
            UNION ALL
            SELECT sql
            FROM sqlite_temp_master
            WHERE name='index_sessions_on_session_id' AND type='index'

DEPRECATION WARNING: You didn't set `secret_key_base`. Read the upgrade documentation to learn more about this new config option. (called from service at C:/RailsInstaller/Ruby2.2.0/lib/ruby/2.2.0/webrick/httpserver.rb:138)


Started GET "/" for ::1 at 2016-07-12 13:03:13 -0500
Processing by HomeController#index as HTML
Redirected to http://localhost:3000/login/prompt
Filter chain halted as :authenticate rendered or redirected
Completed 302 Found in 2ms (ActiveRecord: 0.0ms)


Started GET "/login/prompt" for ::1 at 2016-07-12 13:03:14 -0500
Processing by LoginController#prompt as HTML
  Rendered login/prompt.html.erb within layouts/application (3.0ms)
Completed 200 OK in 551ms (Views: 492.9ms | ActiveRecord: 2.0ms)


Started GET "/assets/campaign.self-a6165d1e29f750aa8064ab3752d4bc9f274c29609618a27bc4ff7880b4f3f871.css?body=1" for ::1 at 2016-07-12 13:03:15 -0500


Started GET "/assets/report.self-38cbe750a869223a4fa6aedc58f846e3ea33daf53b92660d9754869afdef2fb8.css?body=1" for ::1 at 2016-07-12 13:03:15 -0500


Started GET "/assets/global.self-7d6b74e5a0173d948a783be5f13131379561f298e24c2744dccdfc6601ae5f17.css?body=1" for ::1 at 2016-07-12 13:03:15 -0500


Started GET "/assets/jquery_ujs.self-e87806d0cf4489aeb1bb7288016024e8de67fd18db693fe026fe3907581e53cd.js?body=1" for ::1 at 2016-07-12 13:03:15 -0500


Started GET "/assets/jquery.self-660adc51e0224b731d29f575a6f1ec167ba08ad06ed5deca4f1e8654c135bf4c.js?body=1" for ::1 at 2016-07-12 13:03:15 -0500


Started GET "/assets/application.self-f8894798ead0b588ad373052fcad2893a72a4800d77454a074bce8417f4e4992.css?body=1" for ::1 at 2016-07-12 13:03:15 -0500


Started GET "/assets/campaign.self-19a187bec6cdb96d6de80a61c16c857c613536adf9138476bd367db38d282635.js?body=1" for ::1 at 2016-07-12 13:03:15 -0500


Started GET "/assets/application.self-ac4347b135ab8935f2dd20089f2acc8bec1d6b2ad528a80fcb03cd445dbd4d27.js?body=1" for ::1 at 2016-07-12 13:03:15 -0500


Started GET "/assets/report.self-19a187bec6cdb96d6de80a61c16c857c613536adf9138476bd367db38d282635.js?body=1" for ::1 at 2016-07-12 13:03:15 -0500


Started GET "/login/prompt" for ::1 at 2016-07-12 13:08:16 -0500
Processing by LoginController#prompt as HTML
  Rendered login/prompt.html.erb within layouts/application (1.0ms)
Completed 200 OK in 75ms (Views: 48.8ms | ActiveRecord: 1.0ms)


Started GET "/assets/application.self-f8894798ead0b588ad373052fcad2893a72a4800d77454a074bce8417f4e4992.css?body=1" for ::1 at 2016-07-12 13:08:16 -0500


Started GET "/assets/jquery_ujs.self-e87806d0cf4489aeb1bb7288016024e8de67fd18db693fe026fe3907581e53cd.js?body=1" for ::1 at 2016-07-12 13:08:16 -0500


Started GET "/assets/global.self-7d6b74e5a0173d948a783be5f13131379561f298e24c2744dccdfc6601ae5f17.css?body=1" for ::1 at 2016-07-12 13:08:16 -0500


Started GET "/assets/report.self-38cbe750a869223a4fa6aedc58f846e3ea33daf53b92660d9754869afdef2fb8.css?body=1" for ::1 at 2016-07-12 13:08:16 -0500


Started GET "/assets/campaign.self-a6165d1e29f750aa8064ab3752d4bc9f274c29609618a27bc4ff7880b4f3f871.css?body=1" for ::1 at 2016-07-12 13:08:16 -0500


Started GET "/assets/jquery.self-660adc51e0224b731d29f575a6f1ec167ba08ad06ed5deca4f1e8654c135bf4c.js?body=1" for ::1 at 2016-07-12 13:08:16 -0500


Started GET "/assets/campaign.self-19a187bec6cdb96d6de80a61c16c857c613536adf9138476bd367db38d282635.js?body=1" for ::1 at 2016-07-12 13:08:16 -0500


Started GET "/assets/report.self-19a187bec6cdb96d6de80a61c16c857c613536adf9138476bd367db38d282635.js?body=1" for ::1 at 2016-07-12 13:08:16 -0500


Started GET "/assets/application.self-ac4347b135ab8935f2dd20089f2acc8bec1d6b2ad528a80fcb03cd445dbd4d27.js?body=1" for ::1 at 2016-07-12 13:08:16 -0500
DEPRECATION WARNING: You didn't set `secret_key_base`. Read the upgrade documentation to learn more about this new config option. (called from service at C:/RailsInstaller/Ruby2.2.0/lib/ruby/2.2.0/webrick/httpserver.rb:138)


Started GET "/login/prompt" for ::1 at 2016-07-12 13:08:55 -0500
Processing by LoginController#prompt as HTML
  Rendered login/prompt.html.erb within layouts/application (3.0ms)
Completed 200 OK in 444ms (Views: 357.1ms | ActiveRecord: 3.0ms)


Started GET "/assets/campaign.self-a6165d1e29f750aa8064ab3752d4bc9f274c29609618a27bc4ff7880b4f3f871.css?body=1" for ::1 at 2016-07-12 13:08:56 -0500


Started GET "/assets/jquery.self-660adc51e0224b731d29f575a6f1ec167ba08ad06ed5deca4f1e8654c135bf4c.js?body=1" for ::1 at 2016-07-12 13:08:56 -0500


Started GET "/assets/report.self-38cbe750a869223a4fa6aedc58f846e3ea33daf53b92660d9754869afdef2fb8.css?body=1" for ::1 at 2016-07-12 13:08:56 -0500


Started GET "/assets/global.self-7d6b74e5a0173d948a783be5f13131379561f298e24c2744dccdfc6601ae5f17.css?body=1" for ::1 at 2016-07-12 13:08:56 -0500


Started GET "/assets/jquery_ujs.self-e87806d0cf4489aeb1bb7288016024e8de67fd18db693fe026fe3907581e53cd.js?body=1" for ::1 at 2016-07-12 13:08:56 -0500


Started GET "/assets/application.self-f8894798ead0b588ad373052fcad2893a72a4800d77454a074bce8417f4e4992.css?body=1" for ::1 at 2016-07-12 13:08:56 -0500


Started GET "/assets/campaign.self-19a187bec6cdb96d6de80a61c16c857c613536adf9138476bd367db38d282635.js?body=1" for ::1 at 2016-07-12 13:08:56 -0500


Started GET "/assets/report.self-19a187bec6cdb96d6de80a61c16c857c613536adf9138476bd367db38d282635.js?body=1" for ::1 at 2016-07-12 13:08:56 -0500


Started GET "/assets/application.self-ac4347b135ab8935f2dd20089f2acc8bec1d6b2ad528a80fcb03cd445dbd4d27.js?body=1" for ::1 at 2016-07-12 13:08:56 -0500


Started GET "/login/prompt" for ::1 at 2016-07-12 13:09:24 -0500
Processing by LoginController#prompt as HTML
  Rendered login/prompt.html.erb within layouts/application (0.0ms)
Completed 200 OK in 100ms (Views: 88.7ms | ActiveRecord: 1.0ms)


Started GET "/assets/application.self-f8894798ead0b588ad373052fcad2893a72a4800d77454a074bce8417f4e4992.css?body=1" for ::1 at 2016-07-12 13:09:24 -0500


Started GET "/assets/campaign.self-a6165d1e29f750aa8064ab3752d4bc9f274c29609618a27bc4ff7880b4f3f871.css?body=1" for ::1 at 2016-07-12 13:09:24 -0500


Started GET "/assets/report.self-38cbe750a869223a4fa6aedc58f846e3ea33daf53b92660d9754869afdef2fb8.css?body=1" for ::1 at 2016-07-12 13:09:24 -0500


Started GET "/assets/global.self-7d6b74e5a0173d948a783be5f13131379561f298e24c2744dccdfc6601ae5f17.css?body=1" for ::1 at 2016-07-12 13:09:24 -0500


Started GET "/assets/jquery_ujs.self-e87806d0cf4489aeb1bb7288016024e8de67fd18db693fe026fe3907581e53cd.js?body=1" for ::1 at 2016-07-12 13:09:24 -0500


Started GET "/assets/jquery.self-660adc51e0224b731d29f575a6f1ec167ba08ad06ed5deca4f1e8654c135bf4c.js?body=1" for ::1 at 2016-07-12 13:09:24 -0500


Started GET "/assets/campaign.self-19a187bec6cdb96d6de80a61c16c857c613536adf9138476bd367db38d282635.js?body=1" for ::1 at 2016-07-12 13:09:24 -0500


Started GET "/assets/report.self-19a187bec6cdb96d6de80a61c16c857c613536adf9138476bd367db38d282635.js?body=1" for ::1 at 2016-07-12 13:09:24 -0500


Started GET "/assets/application.self-ac4347b135ab8935f2dd20089f2acc8bec1d6b2ad528a80fcb03cd445dbd4d27.js?body=1" for ::1 at 2016-07-12 13:09:24 -0500


Started GET "/login/prompt" for ::1 at 2016-07-12 13:10:06 -0500
Processing by LoginController#prompt as HTML
  Rendered login/prompt.html.erb within layouts/application (0.0ms)
Completed 200 OK in 79ms (Views: 71.2ms | ActiveRecord: 0.0ms)


Started GET "/assets/campaign.self-a6165d1e29f750aa8064ab3752d4bc9f274c29609618a27bc4ff7880b4f3f871.css?body=1" for ::1 at 2016-07-12 13:10:06 -0500


Started GET "/assets/report.self-38cbe750a869223a4fa6aedc58f846e3ea33daf53b92660d9754869afdef2fb8.css?body=1" for ::1 at 2016-07-12 13:10:07 -0500


Started GET "/assets/application.self-f8894798ead0b588ad373052fcad2893a72a4800d77454a074bce8417f4e4992.css?body=1" for ::1 at 2016-07-12 13:10:07 -0500


Started GET "/assets/jquery_ujs.self-e87806d0cf4489aeb1bb7288016024e8de67fd18db693fe026fe3907581e53cd.js?body=1" for ::1 at 2016-07-12 13:10:07 -0500


Started GET "/assets/global.self-7d6b74e5a0173d948a783be5f13131379561f298e24c2744dccdfc6601ae5f17.css?body=1" for ::1 at 2016-07-12 13:10:07 -0500


Started GET "/assets/jquery.self-660adc51e0224b731d29f575a6f1ec167ba08ad06ed5deca4f1e8654c135bf4c.js?body=1" for ::1 at 2016-07-12 13:10:07 -0500


Started GET "/assets/campaign.self-19a187bec6cdb96d6de80a61c16c857c613536adf9138476bd367db38d282635.js?body=1" for ::1 at 2016-07-12 13:10:07 -0500


Started GET "/assets/report.self-19a187bec6cdb96d6de80a61c16c857c613536adf9138476bd367db38d282635.js?body=1" for ::1 at 2016-07-12 13:10:07 -0500


Started GET "/assets/application.self-ac4347b135ab8935f2dd20089f2acc8bec1d6b2ad528a80fcb03cd445dbd4d27.js?body=1" for ::1 at 2016-07-12 13:10:07 -0500


Started GET "/login/callback?code=4/wHV2buu8GFys47fpLDElOPUJiptgPcNj1dLj_Gu0Zp8" for ::1 at 2016-07-12 13:10:12 -0500
Processing by LoginController#callback as HTML
  Parameters: {"code"=>"4/wHV2buu8GFys47fpLDElOPUJiptgPcNj1dLj_Gu0Zp8"}
Completed 500 Internal Server Error in 71ms (ActiveRecord: 0.0ms)

Faraday::SSLError (SSL_connect returned=1 errno=0 state=SSLv3 read server certificate B: certificate verify failed):
  app/controllers/login_controller.rb:25:in `callback'


  Rendered C:/RailsInstaller/Ruby2.2.0/lib/ruby/gems/2.2.0/gems/actionpack-4.2.5/lib/action_dispatch/middleware/templates/rescues/_source.erb (0.0ms)
  Rendered C:/RailsInstaller/Ruby2.2.0/lib/ruby/gems/2.2.0/gems/actionpack-4.2.5/lib/action_dispatch/middleware/templates/rescues/_trace.html.erb (3.0ms)
  Rendered C:/RailsInstaller/Ruby2.2.0/lib/ruby/gems/2.2.0/gems/actionpack-4.2.5/lib/action_dispatch/middleware/templates/rescues/_request_and_response.html.erb (1.0ms)
  Rendered C:/RailsInstaller/Ruby2.2.0/lib/ruby/gems/2.2.0/gems/actionpack-4.2.5/lib/action_dispatch/middleware/templates/rescues/diagnostics.html.erb within rescues/layout (480.0ms)
DEPRECATION WARNING: You didn't set `secret_key_base`. Read the upgrade documentation to learn more about this new config option. (called from service at C:/RailsInstaller/Ruby2.2.0/lib/ruby/2.2.0/webrick/httpserver.rb:138)


Started GET "/" for ::1 at 2016-07-12 13:18:01 -0500
Processing by HomeController#index as HTML
Redirected to http://localhost:3000/login/prompt
Filter chain halted as :authenticate rendered or redirected
Completed 302 Found in 23ms (ActiveRecord: 2.0ms)


Started GET "/login/prompt" for ::1 at 2016-07-12 13:18:01 -0500
Processing by LoginController#prompt as HTML
  Rendered login/prompt.html.erb within layouts/application (2.0ms)
Completed 200 OK in 384ms (Views: 321.4ms | ActiveRecord: 0.0ms)


Started GET "/login/callback?code=4/hmrbDJp1xxcWdU7dMzh_-i0UpqFVIqx4XiwYf37BL6E" for ::1 at 2016-07-12 13:18:05 -0500
Processing by LoginController#callback as HTML
  Parameters: {"code"=>"4/hmrbDJp1xxcWdU7dMzh_-i0UpqFVIqx4XiwYf37BL6E"}
Completed 500 Internal Server Error in 82ms (ActiveRecord: 0.0ms)

Faraday::SSLError (SSL_connect returned=1 errno=0 state=SSLv3 read server certificate B: certificate verify failed):
  app/controllers/login_controller.rb:25:in `callback'


  Rendered C:/RailsInstaller/Ruby2.2.0/lib/ruby/gems/2.2.0/gems/actionpack-4.2.5/lib/action_dispatch/middleware/templates/rescues/_source.erb (0.0ms)
  Rendered C:/RailsInstaller/Ruby2.2.0/lib/ruby/gems/2.2.0/gems/actionpack-4.2.5/lib/action_dispatch/middleware/templates/rescues/_trace.html.erb (5.0ms)
  Rendered C:/RailsInstaller/Ruby2.2.0/lib/ruby/gems/2.2.0/gems/actionpack-4.2.5/lib/action_dispatch/middleware/templates/rescues/_request_and_response.html.erb (1.0ms)
  Rendered C:/RailsInstaller/Ruby2.2.0/lib/ruby/gems/2.2.0/gems/actionpack-4.2.5/lib/action_dispatch/middleware/templates/rescues/diagnostics.html.erb within rescues/layout (505.1ms)
DEPRECATION WARNING: You didn't set `secret_key_base`. Read the upgrade documentation to learn more about this new config option. (called from service at C:/RailsInstaller/Ruby2.2.0/lib/ruby/2.2.0/webrick/httpserver.rb:138)


Started GET "/login/" for ::1 at 2016-07-12 13:25:50 -0500

ActionController::RoutingError (No route matches [GET] "/login"):
  actionpack (4.2.5) lib/action_dispatch/middleware/debug_exceptions.rb:21:in `call'
  actionpack (4.2.5) lib/action_dispatch/middleware/show_exceptions.rb:30:in `call'
  railties (4.2.5) lib/rails/rack/logger.rb:38:in `call_app'
  railties (4.2.5) lib/rails/rack/logger.rb:20:in `block in call'
  activesupport (4.2.5) lib/active_support/tagged_logging.rb:68:in `block in tagged'
  activesupport (4.2.5) lib/active_support/tagged_logging.rb:26:in `tagged'
  activesupport (4.2.5) lib/active_support/tagged_logging.rb:68:in `tagged'
  railties (4.2.5) lib/rails/rack/logger.rb:20:in `call'
  actionpack (4.2.5) lib/action_dispatch/middleware/request_id.rb:21:in `call'
  rack (1.6.4) lib/rack/methodoverride.rb:22:in `call'
  rack (1.6.4) lib/rack/runtime.rb:18:in `call'
  activesupport (4.2.5) lib/active_support/cache/strategy/local_cache_middleware.rb:28:in `call'
  rack (1.6.4) lib/rack/lock.rb:17:in `call'
  actionpack (4.2.5) lib/action_dispatch/middleware/static.rb:116:in `call'
  rack (1.6.4) lib/rack/sendfile.rb:113:in `call'
  railties (4.2.5) lib/rails/engine.rb:518:in `call'
  railties (4.2.5) lib/rails/application.rb:165:in `call'
  rack (1.6.4) lib/rack/lock.rb:17:in `call'
  rack (1.6.4) lib/rack/content_length.rb:15:in `call'
  rack (1.6.4) lib/rack/handler/webrick.rb:88:in `service'
  C:/RailsInstaller/Ruby2.2.0/lib/ruby/2.2.0/webrick/httpserver.rb:138:in `service'
  C:/RailsInstaller/Ruby2.2.0/lib/ruby/2.2.0/webrick/httpserver.rb:94:in `run'
  C:/RailsInstaller/Ruby2.2.0/lib/ruby/2.2.0/webrick/server.rb:294:in `block in start_thread'


  Rendered C:/RailsInstaller/Ruby2.2.0/lib/ruby/gems/2.2.0/gems/actionpack-4.2.5/lib/action_dispatch/middleware/templates/rescues/_trace.html.erb (2.0ms)
  Rendered C:/RailsInstaller/Ruby2.2.0/lib/ruby/gems/2.2.0/gems/actionpack-4.2.5/lib/action_dispatch/middleware/templates/routes/_route.html.erb (1.0ms)
  Rendered C:/RailsInstaller/Ruby2.2.0/lib/ruby/gems/2.2.0/gems/actionpack-4.2.5/lib/action_dispatch/middleware/templates/routes/_table.html.erb (12.0ms)
  Rendered C:/RailsInstaller/Ruby2.2.0/lib/ruby/gems/2.2.0/gems/actionpack-4.2.5/lib/action_dispatch/middleware/templates/rescues/_request_and_response.html.erb (24.0ms)
  Rendered C:/RailsInstaller/Ruby2.2.0/lib/ruby/gems/2.2.0/gems/actionpack-4.2.5/lib/action_dispatch/middleware/templates/rescues/routing_error.html.erb within rescues/layout (736.0ms)


Started GET "/" for ::1 at 2016-07-12 13:25:57 -0500
Processing by HomeController#index as HTML
Redirected to http://localhost:3000/login/prompt
Filter chain halted as :authenticate rendered or redirected
Completed 302 Found in 3ms (ActiveRecord: 1.0ms)


Started GET "/login/prompt" for ::1 at 2016-07-12 13:25:57 -0500

ActionController::RoutingError (undefined method `full_gem_path' for nil:NilClass):
  app/controllers/login_controller.rb:3:in `<top (required)>'


  Rendered C:/RailsInstaller/Ruby2.2.0/lib/ruby/gems/2.2.0/gems/actionpack-4.2.5/lib/action_dispatch/middleware/templates/rescues/_trace.html.erb (2.0ms)
  Rendered C:/RailsInstaller/Ruby2.2.0/lib/ruby/gems/2.2.0/gems/actionpack-4.2.5/lib/action_dispatch/middleware/templates/routes/_route.html.erb (2.0ms)
  Rendered C:/RailsInstaller/Ruby2.2.0/lib/ruby/gems/2.2.0/gems/actionpack-4.2.5/lib/action_dispatch/middleware/templates/routes/_table.html.erb (1.0ms)
  Rendered C:/RailsInstaller/Ruby2.2.0/lib/ruby/gems/2.2.0/gems/actionpack-4.2.5/lib/action_dispatch/middleware/templates/rescues/_request_and_response.html.erb (4.0ms)
  Rendered C:/RailsInstaller/Ruby2.2.0/lib/ruby/gems/2.2.0/gems/actionpack-4.2.5/lib/action_dispatch/middleware/templates/rescues/routing_error.html.erb within rescues/layout (653.0ms)
DEPRECATION WARNING: You didn't set `secret_key_base`. Read the upgrade documentation to learn more about this new config option. (called from service at C:/RailsInstaller/Ruby2.2.0/lib/ruby/2.2.0/webrick/httpserver.rb:138)


Started GET "/" for ::1 at 2016-07-12 13:26:46 -0500
Processing by HomeController#index as HTML
Redirected to http://localhost:3000/login/prompt
Filter chain halted as :authenticate rendered or redirected
Completed 302 Found in 24ms (ActiveRecord: 3.0ms)


Started GET "/login/prompt" for ::1 at 2016-07-12 13:26:47 -0500

ActionController::RoutingError (undefined method `full_gem_path' for nil:NilClass):
  app/controllers/login_controller.rb:6:in `<class:LoginController>'
  app/controllers/login_controller.rb:3:in `<top (required)>'


  Rendered C:/RailsInstaller/Ruby2.2.0/lib/ruby/gems/2.2.0/gems/actionpack-4.2.5/lib/action_dispatch/middleware/templates/rescues/_trace.html.erb (3.0ms)
  Rendered C:/RailsInstaller/Ruby2.2.0/lib/ruby/gems/2.2.0/gems/actionpack-4.2.5/lib/action_dispatch/middleware/templates/routes/_route.html.erb (1.0ms)
  Rendered C:/RailsInstaller/Ruby2.2.0/lib/ruby/gems/2.2.0/gems/actionpack-4.2.5/lib/action_dispatch/middleware/templates/routes/_table.html.erb (12.0ms)
  Rendered C:/RailsInstaller/Ruby2.2.0/lib/ruby/gems/2.2.0/gems/actionpack-4.2.5/lib/action_dispatch/middleware/templates/rescues/_request_and_response.html.erb (3.0ms)
  Rendered C:/RailsInstaller/Ruby2.2.0/lib/ruby/gems/2.2.0/gems/actionpack-4.2.5/lib/action_dispatch/middleware/templates/rescues/routing_error.html.erb within rescues/layout (707.0ms)


Started GET "/login/prompt" for ::1 at 2016-07-12 13:27:10 -0500
Processing by LoginController#prompt as HTML
  Rendered login/prompt.html.erb within layouts/application (1.0ms)
Completed 200 OK in 347ms (Views: 281.8ms | ActiveRecord: 0.0ms)


Started GET "/assets/application.self-f8894798ead0b588ad373052fcad2893a72a4800d77454a074bce8417f4e4992.css?body=1" for ::1 at 2016-07-12 13:27:11 -0500


Started GET "/assets/global.self-7d6b74e5a0173d948a783be5f13131379561f298e24c2744dccdfc6601ae5f17.css?body=1" for ::1 at 2016-07-12 13:27:11 -0500


Started GET "/assets/campaign.self-a6165d1e29f750aa8064ab3752d4bc9f274c29609618a27bc4ff7880b4f3f871.css?body=1" for ::1 at 2016-07-12 13:27:11 -0500


Started GET "/assets/report.self-38cbe750a869223a4fa6aedc58f846e3ea33daf53b92660d9754869afdef2fb8.css?body=1" for ::1 at 2016-07-12 13:27:11 -0500


Started GET "/assets/campaign.self-19a187bec6cdb96d6de80a61c16c857c613536adf9138476bd367db38d282635.js?body=1" for ::1 at 2016-07-12 13:27:11 -0500


Started GET "/assets/jquery.self-660adc51e0224b731d29f575a6f1ec167ba08ad06ed5deca4f1e8654c135bf4c.js?body=1" for ::1 at 2016-07-12 13:27:11 -0500


Started GET "/assets/jquery_ujs.self-e87806d0cf4489aeb1bb7288016024e8de67fd18db693fe026fe3907581e53cd.js?body=1" for ::1 at 2016-07-12 13:27:11 -0500


Started GET "/assets/report.self-19a187bec6cdb96d6de80a61c16c857c613536adf9138476bd367db38d282635.js?body=1" for ::1 at 2016-07-12 13:27:11 -0500


Started GET "/assets/application.self-ac4347b135ab8935f2dd20089f2acc8bec1d6b2ad528a80fcb03cd445dbd4d27.js?body=1" for ::1 at 2016-07-12 13:27:11 -0500


Started GET "/login/callback?code=4/KwhhKdoopxh-VLVHUvENmseu2OkVco5VJ-IIsrjLnm4" for ::1 at 2016-07-12 13:27:16 -0500
Processing by LoginController#callback as HTML
  Parameters: {"code"=>"4/KwhhKdoopxh-VLVHUvENmseu2OkVco5VJ-IIsrjLnm4"}
Completed 500 Internal Server Error in 51ms (ActiveRecord: 0.0ms)

Faraday::SSLError (SSL_connect returned=1 errno=0 state=SSLv3 read server certificate B: certificate verify failed):
  app/controllers/login_controller.rb:25:in `callback'


  Rendered C:/RailsInstaller/Ruby2.2.0/lib/ruby/gems/2.2.0/gems/actionpack-4.2.5/lib/action_dispatch/middleware/templates/rescues/_source.erb (0.0ms)
  Rendered C:/RailsInstaller/Ruby2.2.0/lib/ruby/gems/2.2.0/gems/actionpack-4.2.5/lib/action_dispatch/middleware/templates/rescues/_trace.html.erb (4.0ms)
  Rendered C:/RailsInstaller/Ruby2.2.0/lib/ruby/gems/2.2.0/gems/actionpack-4.2.5/lib/action_dispatch/middleware/templates/rescues/_request_and_response.html.erb (1.0ms)
  Rendered C:/RailsInstaller/Ruby2.2.0/lib/ruby/gems/2.2.0/gems/actionpack-4.2.5/lib/action_dispatch/middleware/templates/rescues/diagnostics.html.erb within rescues/layout (532.0ms)
DEPRECATION WARNING: You didn't set `secret_key_base`. Read the upgrade documentation to learn more about this new config option. (called from service at C:/RailsInstaller/Ruby2.2.0/lib/ruby/2.2.0/webrick/httpserver.rb:138)


Started GET "/" for ::1 at 2016-07-12 13:32:40 -0500
Processing by HomeController#index as HTML
Redirected to http://localhost:3000/login/prompt
Filter chain halted as :authenticate rendered or redirected
Completed 302 Found in 23ms (ActiveRecord: 3.0ms)


Started GET "/login/prompt" for ::1 at 2016-07-12 13:32:40 -0500
Processing by LoginController#prompt as HTML
  Rendered login/prompt.html.erb within layouts/application (3.0ms)
Completed 200 OK in 343ms (Views: 286.6ms | ActiveRecord: 0.0ms)


Started GET "/login/callback?code=4/Jlye-WJSwXrUsp51uToEqKFPASwaeY4DsLGxhT0LDqE" for ::1 at 2016-07-12 13:32:45 -0500
Processing by LoginController#callback as HTML
  Parameters: {"code"=>"4/Jlye-WJSwXrUsp51uToEqKFPASwaeY4DsLGxhT0LDqE"}
Completed 500 Internal Server Error in 60ms (ActiveRecord: 0.0ms)

Faraday::SSLError (SSL_connect returned=1 errno=0 state=SSLv3 read server certificate B: certificate verify failed):
  app/controllers/login_controller.rb:25:in `callback'


  Rendered C:/RailsInstaller/Ruby2.2.0/lib/ruby/gems/2.2.0/gems/actionpack-4.2.5/lib/action_dispatch/middleware/templates/rescues/_source.erb (1.0ms)
  Rendered C:/RailsInstaller/Ruby2.2.0/lib/ruby/gems/2.2.0/gems/actionpack-4.2.5/lib/action_dispatch/middleware/templates/rescues/_trace.html.erb (4.0ms)
  Rendered C:/RailsInstaller/Ruby2.2.0/lib/ruby/gems/2.2.0/gems/actionpack-4.2.5/lib/action_dispatch/middleware/templates/rescues/_request_and_response.html.erb (1.0ms)
  Rendered C:/RailsInstaller/Ruby2.2.0/lib/ruby/gems/2.2.0/gems/actionpack-4.2.5/lib/action_dispatch/middleware/templates/rescues/diagnostics.html.erb within rescues/layout (479.0ms)
DEPRECATION WARNING: You didn't set `secret_key_base`. Read the upgrade documentation to learn more about this new config option. (called from service at C:/RailsInstaller/Ruby2.2.0/lib/ruby/2.2.0/webrick/httpserver.rb:138)


Started GET "/" for ::1 at 2016-07-12 13:34:46 -0500
Processing by HomeController#index as HTML
Redirected to http://localhost:3000/login/prompt
Filter chain halted as :authenticate rendered or redirected
Completed 302 Found in 26ms (ActiveRecord: 2.0ms)


Started GET "/login/prompt" for ::1 at 2016-07-12 13:34:46 -0500
Processing by LoginController#prompt as HTML
  Rendered login/prompt.html.erb within layouts/application (3.0ms)
Completed 200 OK in 387ms (Views: 320.9ms | ActiveRecord: 0.0ms)


Started GET "/login/callback?code=4/dNcM81sfVmK7Gy4_XaamwDHo5k__Bs_15MVIUMrp3Rs" for ::1 at 2016-07-12 13:34:51 -0500
Processing by LoginController#callback as HTML
  Parameters: {"code"=>"4/dNcM81sfVmK7Gy4_XaamwDHo5k__Bs_15MVIUMrp3Rs"}
Redirected to http://localhost:3000/home/index
Completed 302 Found in 217ms (ActiveRecord: 0.0ms)


Started GET "/home/index" for ::1 at 2016-07-12 13:34:51 -0500
Processing by HomeController#index as HTML
  Rendered home/index.html.erb within layouts/application (1.0ms)
Completed 200 OK in 64ms (Views: 61.4ms | ActiveRecord: 0.0ms)


Started GET "/account/index" for ::1 at 2016-07-12 13:35:09 -0500
Processing by AccountController#index as HTML
Completed 500 Internal Server Error in 3ms (ActiveRecord: 0.0ms)

AdsCommon::Errors::Error (Environment 'PRODUCTION' does not support version 'v201605'):
  app/controllers/account_controller.rb:21:in `get_accounts_graph'
  app/controllers/account_controller.rb:5:in `index'


  Rendered C:/RailsInstaller/Ruby2.2.0/lib/ruby/gems/2.2.0/gems/actionpack-4.2.5/lib/action_dispatch/middleware/templates/rescues/_source.erb (1.0ms)
  Rendered C:/RailsInstaller/Ruby2.2.0/lib/ruby/gems/2.2.0/gems/actionpack-4.2.5/lib/action_dispatch/middleware/templates/rescues/_trace.html.erb (3.0ms)
  Rendered C:/RailsInstaller/Ruby2.2.0/lib/ruby/gems/2.2.0/gems/actionpack-4.2.5/lib/action_dispatch/middleware/templates/rescues/_request_and_response.html.erb (1.0ms)
  Rendered C:/RailsInstaller/Ruby2.2.0/lib/ruby/gems/2.2.0/gems/actionpack-4.2.5/lib/action_dispatch/middleware/templates/rescues/diagnostics.html.erb within rescues/layout (488.0ms)
DEPRECATION WARNING: You didn't set `secret_key_base`. Read the upgrade documentation to learn more about this new config option. (called from service at C:/RailsInstaller/Ruby2.2.0/lib/ruby/2.2.0/webrick/httpserver.rb:138)


Started GET "/" for 127.0.0.1 at 2016-07-12 13:38:25 -0500
Processing by HomeController#index as HTML
  Rendered home/index.html.erb within layouts/application (2.0ms)
Completed 200 OK in 314ms (Views: 290.0ms | ActiveRecord: 2.0ms)


Started GET "/account/index" for 127.0.0.1 at 2016-07-12 13:38:28 -0500
Processing by AccountController#index as HTML
Completed 500 Internal Server Error in 991ms (ActiveRecord: 1.0ms)

AdwordsApi::V201605::CustomerService::ApiException ([CustomerError.ACCOUNT_NOT_SET_UP @ ]):
  app/controllers/account_controller.rb:22:in `get_accounts_graph'
  app/controllers/account_controller.rb:5:in `index'


  Rendered C:/RailsInstaller/Ruby2.2.0/lib/ruby/gems/2.2.0/gems/actionpack-4.2.5/lib/action_dispatch/middleware/templates/rescues/_source.erb (0.0ms)
  Rendered C:/RailsInstaller/Ruby2.2.0/lib/ruby/gems/2.2.0/gems/actionpack-4.2.5/lib/action_dispatch/middleware/templates/rescues/_trace.html.erb (3.0ms)
  Rendered C:/RailsInstaller/Ruby2.2.0/lib/ruby/gems/2.2.0/gems/actionpack-4.2.5/lib/action_dispatch/middleware/templates/rescues/_request_and_response.html.erb (1.0ms)
  Rendered C:/RailsInstaller/Ruby2.2.0/lib/ruby/gems/2.2.0/gems/actionpack-4.2.5/lib/action_dispatch/middleware/templates/rescues/diagnostics.html.erb within rescues/layout (500.1ms)


Started GET "/" for ::1 at 2016-07-12 13:38:52 -0500
Processing by HomeController#index as HTML
Redirected to http://localhost:3000/login/prompt
Filter chain halted as :authenticate rendered or redirected
Completed 302 Found in 1ms (ActiveRecord: 0.0ms)


Started GET "/login/prompt" for ::1 at 2016-07-12 13:38:52 -0500
Processing by LoginController#prompt as HTML
  Rendered login/prompt.html.erb within layouts/application (1.0ms)
Completed 200 OK in 740ms (Views: 669.3ms | ActiveRecord: 0.0ms)


Started GET "/assets/application.self-f8894798ead0b588ad373052fcad2893a72a4800d77454a074bce8417f4e4992.css?body=1" for ::1 at 2016-07-12 13:38:53 -0500


Started GET "/assets/campaign.self-a6165d1e29f750aa8064ab3752d4bc9f274c29609618a27bc4ff7880b4f3f871.css?body=1" for ::1 at 2016-07-12 13:38:53 -0500


Started GET "/assets/global.self-7d6b74e5a0173d948a783be5f13131379561f298e24c2744dccdfc6601ae5f17.css?body=1" for ::1 at 2016-07-12 13:38:53 -0500


Started GET "/assets/report.self-38cbe750a869223a4fa6aedc58f846e3ea33daf53b92660d9754869afdef2fb8.css?body=1" for ::1 at 2016-07-12 13:38:53 -0500


Started GET "/assets/jquery.self-660adc51e0224b731d29f575a6f1ec167ba08ad06ed5deca4f1e8654c135bf4c.js?body=1" for ::1 at 2016-07-12 13:38:53 -0500


Started GET "/assets/jquery_ujs.self-e87806d0cf4489aeb1bb7288016024e8de67fd18db693fe026fe3907581e53cd.js?body=1" for ::1 at 2016-07-12 13:38:53 -0500


Started GET "/assets/campaign.self-19a187bec6cdb96d6de80a61c16c857c613536adf9138476bd367db38d282635.js?body=1" for ::1 at 2016-07-12 13:38:53 -0500


Started GET "/assets/report.self-19a187bec6cdb96d6de80a61c16c857c613536adf9138476bd367db38d282635.js?body=1" for ::1 at 2016-07-12 13:38:53 -0500


Started GET "/assets/application.self-ac4347b135ab8935f2dd20089f2acc8bec1d6b2ad528a80fcb03cd445dbd4d27.js?body=1" for ::1 at 2016-07-12 13:38:53 -0500


Started GET "/login/callback?code=4/yZwZYI2n2QrDNrYaW9W8QV8DZCKff1bhmm6D0qsXUT0" for ::1 at 2016-07-12 13:38:57 -0500
Processing by LoginController#callback as HTML
  Parameters: {"code"=>"4/yZwZYI2n2QrDNrYaW9W8QV8DZCKff1bhmm6D0qsXUT0"}
Redirected to http://localhost:3000/home/index
Completed 302 Found in 295ms (ActiveRecord: 0.0ms)


Started GET "/home/index" for ::1 at 2016-07-12 13:38:58 -0500
Processing by HomeController#index as HTML
  Rendered home/index.html.erb within layouts/application (1.0ms)
Completed 200 OK in 114ms (Views: 111.8ms | ActiveRecord: 0.0ms)


Started GET "/account/index" for ::1 at 2016-07-12 13:38:59 -0500
Processing by AccountController#index as HTML
Completed 500 Internal Server Error in 787ms (ActiveRecord: 0.0ms)

AdwordsApi::V201605::CustomerService::ApiException ([QuotaCheckError.DEVELOPER_TOKEN_NOT_APPROVED @ ; trigger:'<null>']):
  app/controllers/account_controller.rb:22:in `get_accounts_graph'
  app/controllers/account_controller.rb:5:in `index'


  Rendered C:/RailsInstaller/Ruby2.2.0/lib/ruby/gems/2.2.0/gems/actionpack-4.2.5/lib/action_dispatch/middleware/templates/rescues/_source.erb (0.0ms)
  Rendered C:/RailsInstaller/Ruby2.2.0/lib/ruby/gems/2.2.0/gems/actionpack-4.2.5/lib/action_dispatch/middleware/templates/rescues/_trace.html.erb (5.0ms)
  Rendered C:/RailsInstaller/Ruby2.2.0/lib/ruby/gems/2.2.0/gems/actionpack-4.2.5/lib/action_dispatch/middleware/templates/rescues/_request_and_response.html.erb (1.0ms)
  Rendered C:/RailsInstaller/Ruby2.2.0/lib/ruby/gems/2.2.0/gems/actionpack-4.2.5/lib/action_dispatch/middleware/templates/rescues/diagnostics.html.erb within rescues/layout (822.1ms)
DEPRECATION WARNING: You didn't set `secret_key_base`. Read the upgrade documentation to learn more about this new config option. (called from service at C:/RailsInstaller/Ruby2.2.0/lib/ruby/2.2.0/webrick/httpserver.rb:138)


Started GET "/" for ::1 at 2016-07-12 16:18:53 -0500
Processing by HomeController#index as HTML
Redirected to http://localhost:3000/login/prompt
Filter chain halted as :authenticate rendered or redirected
Completed 302 Found in 3ms (ActiveRecord: 0.0ms)


Started GET "/login/prompt" for ::1 at 2016-07-12 16:18:57 -0500
Processing by LoginController#prompt as HTML
  Rendered login/prompt.html.erb within layouts/application (12.0ms)
Completed 200 OK in 1115ms (Views: 846.4ms | ActiveRecord: 24.0ms)


Started GET "/assets/application.self-f8894798ead0b588ad373052fcad2893a72a4800d77454a074bce8417f4e4992.css?body=1" for ::1 at 2016-07-12 16:18:59 -0500


Started GET "/assets/campaign.self-a6165d1e29f750aa8064ab3752d4bc9f274c29609618a27bc4ff7880b4f3f871.css?body=1" for ::1 at 2016-07-12 16:18:59 -0500


Started GET "/assets/global.self-7d6b74e5a0173d948a783be5f13131379561f298e24c2744dccdfc6601ae5f17.css?body=1" for ::1 at 2016-07-12 16:18:59 -0500


Started GET "/assets/report.self-38cbe750a869223a4fa6aedc58f846e3ea33daf53b92660d9754869afdef2fb8.css?body=1" for ::1 at 2016-07-12 16:18:59 -0500


Started GET "/assets/jquery.self-660adc51e0224b731d29f575a6f1ec167ba08ad06ed5deca4f1e8654c135bf4c.js?body=1" for ::1 at 2016-07-12 16:18:59 -0500


Started GET "/assets/campaign.self-19a187bec6cdb96d6de80a61c16c857c613536adf9138476bd367db38d282635.js?body=1" for ::1 at 2016-07-12 16:18:59 -0500


Started GET "/assets/jquery_ujs.self-e87806d0cf4489aeb1bb7288016024e8de67fd18db693fe026fe3907581e53cd.js?body=1" for ::1 at 2016-07-12 16:18:59 -0500


Started GET "/assets/report.self-19a187bec6cdb96d6de80a61c16c857c613536adf9138476bd367db38d282635.js?body=1" for ::1 at 2016-07-12 16:18:59 -0500


Started GET "/assets/application.self-ac4347b135ab8935f2dd20089f2acc8bec1d6b2ad528a80fcb03cd445dbd4d27.js?body=1" for ::1 at 2016-07-12 16:18:59 -0500


Started GET "/login/callback?code=4/Ez2GFdaaxr_7KpW-po7f72LFq10ZwyegW18d1TrAU5k" for ::1 at 2016-07-12 16:19:47 -0500
Processing by LoginController#callback as HTML
  Parameters: {"code"=>"4/Ez2GFdaaxr_7KpW-po7f72LFq10ZwyegW18d1TrAU5k"}
Redirected to http://localhost:3000/home/index
Completed 302 Found in 376ms (ActiveRecord: 1.0ms)


Started GET "/home/index" for ::1 at 2016-07-12 16:19:48 -0500
Processing by HomeController#index as HTML
  Rendered home/index.html.erb within layouts/application (1.0ms)
Completed 200 OK in 62ms (Views: 60.4ms | ActiveRecord: 0.0ms)


Started GET "/report/index" for ::1 at 2016-07-12 16:19:52 -0500
Processing by ReportController#index as HTML
  Rendered report/index.html.erb within layouts/application (1.0ms)
Completed 200 OK in 68ms (Views: 63.8ms | ActiveRecord: 0.0ms)


Started GET "/account/index" for ::1 at 2016-07-12 16:19:58 -0500
Processing by AccountController#index as HTML
Completed 500 Internal Server Error in 638ms (ActiveRecord: 0.0ms)

AdwordsApi::V201605::CustomerService::ApiException ([QuotaCheckError.DEVELOPER_TOKEN_NOT_APPROVED @ ; trigger:'<null>']):
  app/controllers/account_controller.rb:22:in `get_accounts_graph'
  app/controllers/account_controller.rb:5:in `index'


  Rendered C:/RailsInstaller/Ruby2.2.0/lib/ruby/gems/2.2.0/gems/actionpack-4.2.5/lib/action_dispatch/middleware/templates/rescues/_source.erb (0.0ms)
  Rendered C:/RailsInstaller/Ruby2.2.0/lib/ruby/gems/2.2.0/gems/actionpack-4.2.5/lib/action_dispatch/middleware/templates/rescues/_trace.html.erb (2.0ms)
  Rendered C:/RailsInstaller/Ruby2.2.0/lib/ruby/gems/2.2.0/gems/actionpack-4.2.5/lib/action_dispatch/middleware/templates/rescues/_request_and_response.html.erb (1.0ms)
  Rendered C:/RailsInstaller/Ruby2.2.0/lib/ruby/gems/2.2.0/gems/actionpack-4.2.5/lib/action_dispatch/middleware/templates/rescues/diagnostics.html.erb within rescues/layout (506.0ms)


Started GET "/" for ::1 at 2016-07-12 16:31:26 -0500
Processing by HomeController#index as HTML
  Rendered home/index.html.erb within layouts/application (0.0ms)
Completed 200 OK in 61ms (Views: 58.7ms | ActiveRecord: 0.0ms)


Started GET "/assets/application.self-f8894798ead0b588ad373052fcad2893a72a4800d77454a074bce8417f4e4992.css?body=1" for ::1 at 2016-07-12 16:31:26 -0500


Started GET "/assets/campaign.self-a6165d1e29f750aa8064ab3752d4bc9f274c29609618a27bc4ff7880b4f3f871.css?body=1" for ::1 at 2016-07-12 16:31:26 -0500


Started GET "/assets/global.self-7d6b74e5a0173d948a783be5f13131379561f298e24c2744dccdfc6601ae5f17.css?body=1" for ::1 at 2016-07-12 16:31:26 -0500


Started GET "/assets/report.self-38cbe750a869223a4fa6aedc58f846e3ea33daf53b92660d9754869afdef2fb8.css?body=1" for ::1 at 2016-07-12 16:31:26 -0500


Started GET "/assets/jquery.self-660adc51e0224b731d29f575a6f1ec167ba08ad06ed5deca4f1e8654c135bf4c.js?body=1" for ::1 at 2016-07-12 16:31:26 -0500


Started GET "/assets/campaign.self-19a187bec6cdb96d6de80a61c16c857c613536adf9138476bd367db38d282635.js?body=1" for ::1 at 2016-07-12 16:31:26 -0500


Started GET "/assets/jquery_ujs.self-e87806d0cf4489aeb1bb7288016024e8de67fd18db693fe026fe3907581e53cd.js?body=1" for ::1 at 2016-07-12 16:31:26 -0500


Started GET "/assets/report.self-19a187bec6cdb96d6de80a61c16c857c613536adf9138476bd367db38d282635.js?body=1" for ::1 at 2016-07-12 16:31:26 -0500


Started GET "/assets/application.self-ac4347b135ab8935f2dd20089f2acc8bec1d6b2ad528a80fcb03cd445dbd4d27.js?body=1" for ::1 at 2016-07-12 16:31:26 -0500


Started GET "/login/logout" for ::1 at 2016-07-12 16:31:29 -0500
Processing by LoginController#logout as HTML
Redirected to https://www.google.com/accounts/Logout
Completed 302 Found in 3ms (ActiveRecord: 0.0ms)


Started GET "/" for ::1 at 2016-07-12 16:31:46 -0500
Processing by HomeController#index as HTML
Redirected to http://localhost:3000/login/prompt
Filter chain halted as :authenticate rendered or redirected
Completed 302 Found in 6ms (ActiveRecord: 0.0ms)


Started GET "/login/prompt" for ::1 at 2016-07-12 16:31:46 -0500
Processing by LoginController#prompt as HTML
  Rendered login/prompt.html.erb within layouts/application (0.0ms)
Completed 200 OK in 94ms (Views: 82.3ms | ActiveRecord: 0.0ms)


Started GET "/login/callback?code=4/PO4E7w-8XfmTnvSH7r6lXIdyNYtiX5V14Tu4OEQuTUA" for ::1 at 2016-07-12 16:31:52 -0500
Processing by LoginController#callback as HTML
  Parameters: {"code"=>"4/PO4E7w-8XfmTnvSH7r6lXIdyNYtiX5V14Tu4OEQuTUA"}
Redirected to http://localhost:3000/home/index
Completed 302 Found in 141ms (ActiveRecord: 0.0ms)


Started GET "/home/index" for ::1 at 2016-07-12 16:31:52 -0500
Processing by HomeController#index as HTML
  Rendered home/index.html.erb within layouts/application (1.0ms)
Completed 200 OK in 84ms (Views: 80.2ms | ActiveRecord: 0.0ms)


Started GET "/account/index" for ::1 at 2016-07-12 16:31:53 -0500
Processing by AccountController#index as HTML
  Rendered account/index.html.erb within layouts/application (2.0ms)
Completed 200 OK in 969ms (Views: 84.6ms | ActiveRecord: 0.0ms)


Started GET "/account/select?account_id=8524561048" for ::1 at 2016-07-12 16:31:58 -0500
Processing by AccountController#select as HTML
  Parameters: {"account_id"=>"8524561048"}
Redirected to http://localhost:3000/home/index
Completed 302 Found in 5ms (ActiveRecord: 0.0ms)


Started GET "/home/index" for ::1 at 2016-07-12 16:31:58 -0500
Processing by HomeController#index as HTML
  Rendered home/index.html.erb within layouts/application (0.0ms)
Completed 200 OK in 60ms (Views: 58.2ms | ActiveRecord: 0.0ms)


Started GET "/account/input" for ::1 at 2016-07-12 16:32:03 -0500
Processing by AccountController#input as HTML
  Rendered account/input.html.erb within layouts/application (1.0ms)
Completed 200 OK in 60ms (Views: 57.9ms | ActiveRecord: 0.0ms)


Started GET "/home/index" for ::1 at 2016-07-12 16:32:14 -0500
Processing by HomeController#index as HTML
  Rendered home/index.html.erb within layouts/application (0.0ms)
Completed 200 OK in 59ms (Views: 57.6ms | ActiveRecord: 0.0ms)


Started GET "/campaign/index" for ::1 at 2016-07-12 16:32:15 -0500
Processing by CampaignController#index as HTML
  Rendered campaign/index.html.erb within layouts/application (1.0ms)
Completed 200 OK in 560ms (Views: 70.5ms | ActiveRecord: 0.0ms)


Started GET "/home/index" for ::1 at 2016-07-12 16:32:17 -0500
Processing by HomeController#index as HTML
  Rendered home/index.html.erb within layouts/application (0.0ms)
Completed 200 OK in 61ms (Views: 58.9ms | ActiveRecord: 1.0ms)


Started GET "/" for ::1 at 2016-07-12 16:33:23 -0500
Processing by HomeController#index as HTML
  Rendered home/index.html.erb within layouts/application (1.0ms)
Completed 200 OK in 61ms (Views: 59.3ms | ActiveRecord: 0.0ms)


Started GET "/account/index" for ::1 at 2016-07-12 16:33:25 -0500
Processing by AccountController#index as HTML
  Rendered account/index.html.erb within layouts/application (0.0ms)
Completed 200 OK in 698ms (Views: 72.8ms | ActiveRecord: 1.0ms)


Started GET "/account/select?account_id=3007475760" for ::1 at 2016-07-12 16:33:29 -0500
Processing by AccountController#select as HTML
  Parameters: {"account_id"=>"3007475760"}
Redirected to http://localhost:3000/home/index
Completed 302 Found in 8ms (ActiveRecord: 0.0ms)


Started GET "/home/index" for ::1 at 2016-07-12 16:33:29 -0500
Processing by HomeController#index as HTML
  Rendered home/index.html.erb within layouts/application (1.0ms)
Completed 200 OK in 60ms (Views: 57.7ms | ActiveRecord: 0.0ms)


Started GET "/campaign/index" for ::1 at 2016-07-12 16:33:34 -0500
Processing by CampaignController#index as HTML
  Rendered campaign/index.html.erb within layouts/application (0.0ms)
Completed 200 OK in 639ms (Views: 63.1ms | ActiveRecord: 0.0ms)


Started GET "/home/index" for ::1 at 2016-07-12 16:35:11 -0500
Processing by HomeController#index as HTML
  Rendered home/index.html.erb within layouts/application (1.0ms)
Completed 200 OK in 68ms (Views: 65.2ms | ActiveRecord: 0.0ms)


Started GET "/campaign/index" for ::1 at 2016-07-12 16:35:13 -0500
Processing by CampaignController#index as HTML
  Rendered campaign/index.html.erb within layouts/application (0.0ms)
Completed 200 OK in 361ms (Views: 60.6ms | ActiveRecord: 0.0ms)


Started GET "/home/index" for ::1 at 2016-07-12 16:35:15 -0500
Processing by HomeController#index as HTML
  Rendered home/index.html.erb within layouts/application (0.0ms)
Completed 200 OK in 89ms (Views: 84.8ms | ActiveRecord: 1.0ms)


Started GET "/account/index" for ::1 at 2016-07-12 16:35:17 -0500
Processing by AccountController#index as HTML
  Rendered account/index.html.erb within layouts/application (0.0ms)
Completed 200 OK in 544ms (Views: 78.0ms | ActiveRecord: 0.0ms)


Started GET "/home/index" for ::1 at 2016-07-12 16:35:19 -0500
Processing by HomeController#index as HTML
  Rendered home/index.html.erb within layouts/application (0.0ms)
Completed 200 OK in 72ms (Views: 66.9ms | ActiveRecord: 1.0ms)


Started GET "/login/logout" for ::1 at 2016-07-12 16:35:21 -0500
Processing by LoginController#logout as HTML
Redirected to https://www.google.com/accounts/Logout
Completed 302 Found in 5ms (ActiveRecord: 0.0ms)


Started GET "/" for ::1 at 2016-07-12 16:35:35 -0500
Processing by HomeController#index as HTML
Redirected to http://localhost:3000/login/prompt
Filter chain halted as :authenticate rendered or redirected
Completed 302 Found in 5ms (ActiveRecord: 0.0ms)


Started GET "/login/prompt" for ::1 at 2016-07-12 16:35:35 -0500
Processing by LoginController#prompt as HTML
  Rendered login/prompt.html.erb within layouts/application (0.0ms)
Completed 200 OK in 83ms (Views: 76.1ms | ActiveRecord: 1.0ms)


Started GET "/login/callback?code=4/NkhQXTwtrXsWzB4KokHLYNC8CFyhofRzzRF9wei1esw" for ::1 at 2016-07-12 16:35:40 -0500
Processing by LoginController#callback as HTML
  Parameters: {"code"=>"4/NkhQXTwtrXsWzB4KokHLYNC8CFyhofRzzRF9wei1esw"}
Redirected to http://localhost:3000/home/index
Completed 302 Found in 142ms (ActiveRecord: 0.0ms)


Started GET "/home/index" for ::1 at 2016-07-12 16:35:40 -0500
Processing by HomeController#index as HTML
  Rendered home/index.html.erb within layouts/application (0.0ms)
Completed 200 OK in 91ms (Views: 87.5ms | ActiveRecord: 0.0ms)


Started GET "/account/index" for ::1 at 2016-07-12 16:35:43 -0500
Processing by AccountController#index as HTML
  Rendered account/index.html.erb within layouts/application (3.0ms)
Completed 200 OK in 1660ms (Views: 75.0ms | ActiveRecord: 1.0ms)


Started GET "/account/select?account_id=3007475760" for ::1 at 2016-07-12 16:35:48 -0500
Processing by AccountController#select as HTML
  Parameters: {"account_id"=>"3007475760"}
Redirected to http://localhost:3000/home/index
Completed 302 Found in 9ms (ActiveRecord: 0.0ms)


Started GET "/home/index" for ::1 at 2016-07-12 16:35:48 -0500
Processing by HomeController#index as HTML
  Rendered home/index.html.erb within layouts/application (0.0ms)
Completed 200 OK in 67ms (Views: 64.3ms | ActiveRecord: 0.0ms)


Started GET "/campaign/index" for ::1 at 2016-07-12 16:35:50 -0500
Processing by CampaignController#index as HTML
  Rendered campaign/index.html.erb within layouts/application (0.0ms)
Completed 200 OK in 593ms (Views: 80.1ms | ActiveRecord: 0.0ms)


Started GET "/home/index" for ::1 at 2016-07-12 16:36:18 -0500
Processing by HomeController#index as HTML
  Rendered home/index.html.erb within layouts/application (1.0ms)
Completed 200 OK in 90ms (Views: 86.7ms | ActiveRecord: 1.0ms)


Started GET "/account/index" for ::1 at 2016-07-12 16:36:19 -0500
Processing by AccountController#index as HTML
  Rendered account/index.html.erb within layouts/application (1.0ms)
Completed 200 OK in 771ms (Views: 103.8ms | ActiveRecord: 0.0ms)


Started GET "/account/select?account_id=3007475760" for ::1 at 2016-07-12 16:36:21 -0500
Processing by AccountController#select as HTML
  Parameters: {"account_id"=>"3007475760"}
Redirected to http://localhost:3000/home/index
Completed 302 Found in 3ms (ActiveRecord: 0.0ms)


Started GET "/home/index" for ::1 at 2016-07-12 16:36:21 -0500
Processing by HomeController#index as HTML
  Rendered home/index.html.erb within layouts/application (0.0ms)
Completed 200 OK in 67ms (Views: 64.8ms | ActiveRecord: 1.0ms)


Started GET "/login/logout" for ::1 at 2016-07-12 16:36:23 -0500
Processing by LoginController#logout as HTML
Redirected to https://www.google.com/accounts/Logout
Completed 302 Found in 4ms (ActiveRecord: 0.0ms)


Started GET "/" for ::1 at 2016-07-12 16:36:42 -0500
Processing by HomeController#index as HTML
Redirected to http://localhost:3000/login/prompt
Filter chain halted as :authenticate rendered or redirected
Completed 302 Found in 5ms (ActiveRecord: 0.0ms)


Started GET "/login/prompt" for ::1 at 2016-07-12 16:36:42 -0500
Processing by LoginController#prompt as HTML
  Rendered login/prompt.html.erb within layouts/application (0.0ms)
Completed 200 OK in 75ms (Views: 67.0ms | ActiveRecord: 1.0ms)


Started GET "/login/callback?code=4/aECD2H-Ygq2CBcvbbFJlQDrVRNOUAW73cnhTvahuX0k" for ::1 at 2016-07-12 16:36:45 -0500
Processing by LoginController#callback as HTML
  Parameters: {"code"=>"4/aECD2H-Ygq2CBcvbbFJlQDrVRNOUAW73cnhTvahuX0k"}
Redirected to http://localhost:3000/home/index
Completed 302 Found in 388ms (ActiveRecord: 0.0ms)


Started GET "/home/index" for ::1 at 2016-07-12 16:36:46 -0500
Processing by HomeController#index as HTML
  Rendered home/index.html.erb within layouts/application (1.0ms)
Completed 200 OK in 73ms (Views: 69.3ms | ActiveRecord: 0.0ms)


Started GET "/account/index" for ::1 at 2016-07-12 16:36:47 -0500
Processing by AccountController#index as HTML
  Rendered account/index.html.erb within layouts/application (1.0ms)
Completed 200 OK in 913ms (Views: 66.1ms | ActiveRecord: 0.0ms)


Started GET "/account/select?account_id=8524561048" for ::1 at 2016-07-12 16:36:50 -0500
Processing by AccountController#select as HTML
  Parameters: {"account_id"=>"8524561048"}
Redirected to http://localhost:3000/home/index
Completed 302 Found in 2ms (ActiveRecord: 1.0ms)


Started GET "/home/index" for ::1 at 2016-07-12 16:36:50 -0500
Processing by HomeController#index as HTML
  Rendered home/index.html.erb within layouts/application (1.0ms)
Completed 200 OK in 53ms (Views: 51.7ms | ActiveRecord: 0.0ms)


Started GET "/campaign/index" for ::1 at 2016-07-12 16:36:51 -0500
Processing by CampaignController#index as HTML
  Rendered campaign/index.html.erb within layouts/application (0.0ms)
Completed 200 OK in 605ms (Views: 84.8ms | ActiveRecord: 1.0ms)


Started GET "/home/index" for ::1 at 2016-07-12 16:37:20 -0500
Processing by HomeController#index as HTML
  Rendered home/index.html.erb within layouts/application (1.0ms)
Completed 200 OK in 73ms (Views: 69.7ms | ActiveRecord: 0.0ms)


Started GET "/account/index" for ::1 at 2016-07-12 16:37:21 -0500
Processing by AccountController#index as HTML
  Rendered account/index.html.erb within layouts/application (1.0ms)
Completed 200 OK in 782ms (Views: 67.8ms | ActiveRecord: 0.0ms)


Started GET "/account/select?account_id=5263798950" for ::1 at 2016-07-12 16:37:23 -0500
Processing by AccountController#select as HTML
  Parameters: {"account_id"=>"5263798950"}
Redirected to http://localhost:3000/home/index
Completed 302 Found in 3ms (ActiveRecord: 0.0ms)


Started GET "/home/index" for ::1 at 2016-07-12 16:37:23 -0500
Processing by HomeController#index as HTML
  Rendered home/index.html.erb within layouts/application (0.0ms)
Completed 200 OK in 50ms (Views: 47.9ms | ActiveRecord: 0.0ms)


Started GET "/campaign/index" for ::1 at 2016-07-12 16:37:24 -0500
Processing by CampaignController#index as HTML
  Rendered campaign/index.html.erb within layouts/application (0.0ms)
Completed 200 OK in 578ms (Views: 70.2ms | ActiveRecord: 0.0ms)


Started GET "/home/index" for ::1 at 2016-07-12 16:37:30 -0500
Processing by HomeController#index as HTML
  Rendered home/index.html.erb within layouts/application (0.0ms)
Completed 200 OK in 61ms (Views: 56.8ms | ActiveRecord: 1.0ms)
DEPRECATION WARNING: You didn't set `secret_key_base`. Read the upgrade documentation to learn more about this new config option. (called from service at C:/RailsInstaller/Ruby2.2.0/lib/ruby/2.2.0/webrick/httpserver.rb:138)


Started GET "/home/index" for ::1 at 2016-07-12 16:39:52 -0500
Processing by HomeController#index as HTML
  Rendered home/index.html.erb within layouts/application (3.0ms)
Completed 200 OK in 319ms (Views: 294.9ms | ActiveRecord: 2.0ms)


Started GET "/assets/application.self-f8894798ead0b588ad373052fcad2893a72a4800d77454a074bce8417f4e4992.css?body=1" for ::1 at 2016-07-12 16:39:52 -0500


Started GET "/assets/campaign.self-a6165d1e29f750aa8064ab3752d4bc9f274c29609618a27bc4ff7880b4f3f871.css?body=1" for ::1 at 2016-07-12 16:39:52 -0500


Started GET "/assets/global.self-7d6b74e5a0173d948a783be5f13131379561f298e24c2744dccdfc6601ae5f17.css?body=1" for ::1 at 2016-07-12 16:39:52 -0500


Started GET "/assets/report.self-38cbe750a869223a4fa6aedc58f846e3ea33daf53b92660d9754869afdef2fb8.css?body=1" for ::1 at 2016-07-12 16:39:52 -0500


Started GET "/assets/jquery.self-660adc51e0224b731d29f575a6f1ec167ba08ad06ed5deca4f1e8654c135bf4c.js?body=1" for ::1 at 2016-07-12 16:39:52 -0500


Started GET "/assets/campaign.self-19a187bec6cdb96d6de80a61c16c857c613536adf9138476bd367db38d282635.js?body=1" for ::1 at 2016-07-12 16:39:52 -0500


Started GET "/assets/jquery_ujs.self-e87806d0cf4489aeb1bb7288016024e8de67fd18db693fe026fe3907581e53cd.js?body=1" for ::1 at 2016-07-12 16:39:52 -0500


Started GET "/assets/report.self-19a187bec6cdb96d6de80a61c16c857c613536adf9138476bd367db38d282635.js?body=1" for ::1 at 2016-07-12 16:39:52 -0500


Started GET "/assets/application.self-ac4347b135ab8935f2dd20089f2acc8bec1d6b2ad528a80fcb03cd445dbd4d27.js?body=1" for ::1 at 2016-07-12 16:39:53 -0500


Started GET "/report/index" for ::1 at 2016-07-12 16:39:57 -0500
Processing by ReportController#index as HTML
  Rendered report/index.html.erb within layouts/application (2.0ms)
Completed 200 OK in 68ms (Views: 61.7ms | ActiveRecord: 1.0ms)


Started POST "/report/get" for ::1 at 2016-07-12 16:50:58 -0500
Processing by ReportController#get as 
  Parameters: {"utf8"=>"✓", "authenticity_token"=>"79vlvgDdmCTM/LQw1hEl+1Pp0CoHkQSxtHiTcOMjQQtBfyRDcOyX4j+k7BBqb/VEUdAjaIcLJKwb6U3S/rKwMA==", "type"=>"ADGROUP_PERFORMANCE_REPORT", "fields"=>"ExternalCustomerId, AccountDescriptiveName"}
  Rendered text template (0.0ms)
Sent data Adgroup Performance Report.csv (5.0ms)
Completed 200 OK in 999ms (Views: 4.6ms | ActiveRecord: 0.0ms)


Started GET "/" for ::1 at 2016-07-12 20:45:33 -0500
Processing by HomeController#index as HTML
Redirected to http://localhost:3000/login/prompt
Filter chain halted as :authenticate rendered or redirected
Completed 302 Found in 3ms (ActiveRecord: 0.0ms)


Started GET "/login/prompt" for ::1 at 2016-07-12 20:45:34 -0500
Processing by LoginController#prompt as HTML
  Rendered login/prompt.html.erb within layouts/application (2.5ms)
Completed 200 OK in 130ms (Views: 125.2ms | ActiveRecord: 0.0ms)
DEPRECATION WARNING: You didn't set `secret_key_base`. Read the upgrade documentation to learn more about this new config option. (called from service at C:/RailsInstaller/Ruby2.2.0/lib/ruby/2.2.0/webrick/httpserver.rb:138)


Started GET "/" for ::1 at 2016-07-14 12:53:18 -0500
Processing by HomeController#index as HTML
Redirected to http://localhost:3000/login/prompt
Filter chain halted as :authenticate rendered or redirected
Completed 302 Found in 2ms (ActiveRecord: 0.0ms)


Started GET "/login/prompt" for ::1 at 2016-07-14 12:53:20 -0500
Processing by LoginController#prompt as HTML
  Rendered login/prompt.html.erb within layouts/application (18.0ms)
Completed 200 OK in 1064ms (Views: 812.9ms | ActiveRecord: 23.0ms)


Started GET "/assets/application.self-f8894798ead0b588ad373052fcad2893a72a4800d77454a074bce8417f4e4992.css?body=1" for ::1 at 2016-07-14 12:53:22 -0500


Started GET "/assets/campaign.self-a6165d1e29f750aa8064ab3752d4bc9f274c29609618a27bc4ff7880b4f3f871.css?body=1" for ::1 at 2016-07-14 12:53:22 -0500


Started GET "/assets/global.self-7d6b74e5a0173d948a783be5f13131379561f298e24c2744dccdfc6601ae5f17.css?body=1" for ::1 at 2016-07-14 12:53:22 -0500


Started GET "/assets/report.self-38cbe750a869223a4fa6aedc58f846e3ea33daf53b92660d9754869afdef2fb8.css?body=1" for ::1 at 2016-07-14 12:53:22 -0500


Started GET "/assets/campaign.self-19a187bec6cdb96d6de80a61c16c857c613536adf9138476bd367db38d282635.js?body=1" for ::1 at 2016-07-14 12:53:22 -0500


Started GET "/assets/jquery.self-660adc51e0224b731d29f575a6f1ec167ba08ad06ed5deca4f1e8654c135bf4c.js?body=1" for ::1 at 2016-07-14 12:53:22 -0500


Started GET "/assets/jquery_ujs.self-e87806d0cf4489aeb1bb7288016024e8de67fd18db693fe026fe3907581e53cd.js?body=1" for ::1 at 2016-07-14 12:53:22 -0500


Started GET "/assets/report.self-19a187bec6cdb96d6de80a61c16c857c613536adf9138476bd367db38d282635.js?body=1" for ::1 at 2016-07-14 12:53:22 -0500


Started GET "/assets/application.self-ac4347b135ab8935f2dd20089f2acc8bec1d6b2ad528a80fcb03cd445dbd4d27.js?body=1" for ::1 at 2016-07-14 12:53:22 -0500


Started GET "/login/callback?code=4/4aV7XGf7AvXrrtQYqWlgrlCVyVzi1G_4TcgSOe46mQE" for ::1 at 2016-07-14 12:55:37 -0500
Processing by LoginController#callback as HTML
  Parameters: {"code"=>"4/4aV7XGf7AvXrrtQYqWlgrlCVyVzi1G_4TcgSOe46mQE"}
Redirected to http://localhost:3000/home/index
Completed 302 Found in 470ms (ActiveRecord: 2.0ms)


Started GET "/home/index" for ::1 at 2016-07-14 12:55:38 -0500
Processing by HomeController#index as HTML
  Rendered home/index.html.erb within layouts/application (1.0ms)
Completed 200 OK in 60ms (Views: 58.7ms | ActiveRecord: 0.0ms)


Started GET "/account/index" for ::1 at 2016-07-14 12:56:11 -0500
Processing by AccountController#index as HTML
Completed 500 Internal Server Error in 525ms (ActiveRecord: 0.0ms)

AdwordsApi::V201605::CustomerService::ApiException ([QuotaCheckError.DEVELOPER_TOKEN_NOT_APPROVED @ ; trigger:'<null>']):
  app/controllers/account_controller.rb:22:in `get_accounts_graph'
  app/controllers/account_controller.rb:5:in `index'


  Rendered C:/RailsInstaller/Ruby2.2.0/lib/ruby/gems/2.2.0/gems/actionpack-4.2.5/lib/action_dispatch/middleware/templates/rescues/_source.erb (0.0ms)
  Rendered C:/RailsInstaller/Ruby2.2.0/lib/ruby/gems/2.2.0/gems/actionpack-4.2.5/lib/action_dispatch/middleware/templates/rescues/_trace.html.erb (4.0ms)
  Rendered C:/RailsInstaller/Ruby2.2.0/lib/ruby/gems/2.2.0/gems/actionpack-4.2.5/lib/action_dispatch/middleware/templates/rescues/_request_and_response.html.erb (1.0ms)
  Rendered C:/RailsInstaller/Ruby2.2.0/lib/ruby/gems/2.2.0/gems/actionpack-4.2.5/lib/action_dispatch/middleware/templates/rescues/diagnostics.html.erb within rescues/layout (551.0ms)


Started GET "/report/index" for ::1 at 2016-07-14 12:57:15 -0500
Processing by ReportController#index as HTML
  Rendered report/index.html.erb within layouts/application (1.0ms)
Completed 200 OK in 99ms (Views: 67.3ms | ActiveRecord: 1.0ms)


Started GET "/home/index" for ::1 at 2016-07-14 12:57:18 -0500
Processing by HomeController#index as HTML
  Rendered home/index.html.erb within layouts/application (0.0ms)
Completed 200 OK in 70ms (Views: 67.7ms | ActiveRecord: 0.0ms)


Started GET "/account/input" for ::1 at 2016-07-14 12:59:16 -0500
Processing by AccountController#input as HTML
  Rendered account/input.html.erb within layouts/application (0.0ms)
Completed 200 OK in 65ms (Views: 63.6ms | ActiveRecord: 1.0ms)


Started GET "/home/index" for ::1 at 2016-07-14 12:59:22 -0500
Processing by HomeController#index as HTML
  Rendered home/index.html.erb within layouts/application (0.0ms)
Completed 200 OK in 68ms (Views: 65.3ms | ActiveRecord: 0.0ms)
